<?xml version="1.0" encoding="UTF-8"?>
<testng-results ignored="0" total="1" passed="1" failed="0" skipped="0">
  <reporter-output>
  </reporter-output>
  <suite started-at="2023-10-25T15:39:33Z" name="Default suite" finished-at="2023-10-25T15:40:00Z" duration-ms="27223">
    <groups>
    </groups>
    <test started-at="2023-10-25T15:39:33Z" name="Default test" finished-at="2023-10-25T15:40:00Z" duration-ms="27223">
      <class name="tests.LoginTest">
        <test-method is-config="true" signature="StartBrowser()[pri:0, instance:tests.LoginTest@3e6104fc]" started-at="2023-10-25T21:39:32Z" name="StartBrowser" finished-at="2023-10-25T21:39:33Z" duration-ms="1165" status="PASS">
          <reporter-output>
          </reporter-output>
        </test-method> <!-- StartBrowser -->
        <test-method is-config="true" signature="start()[pri:0, instance:tests.LoginTest@3e6104fc]" started-at="2023-10-25T21:39:33Z" name="start" finished-at="2023-10-25T21:39:59Z" duration-ms="26415" status="PASS">
          <reporter-output>
          </reporter-output>
        </test-method> <!-- start -->
        <test-method signature="loginTest()[pri:0, instance:tests.LoginTest@3e6104fc]" started-at="2023-10-25T21:39:59Z" name="loginTest" finished-at="2023-10-25T21:40:00Z" duration-ms="507" status="PASS">
          <reporter-output>
          </reporter-output>
        </test-method> <!-- loginTest -->
        <test-method is-config="true" signature="report()[pri:0, instance:tests.LoginTest@3e6104fc]" started-at="2023-10-25T21:40:00Z" name="report" finished-at="2023-10-25T21:40:00Z" duration-ms="289" status="PASS">
          <reporter-output>
          </reporter-output>
        </test-method> <!-- report -->
        <test-method is-config="true" signature="CloseBrowser()[pri:0, instance:tests.LoginTest@3e6104fc]" started-at="2023-10-25T21:40:00Z" name="CloseBrowser" finished-at="2023-10-25T21:40:00Z" duration-ms="1" status="PASS">
          <reporter-output>
          </reporter-output>
        </test-method> <!-- CloseBrowser -->
      </class> <!-- tests.LoginTest -->
    </test> <!-- Default test -->
  </suite> <!-- Default suite -->
</testng-results>
